The contents of the deck is as follows:

350r
Size    Speed    Range    Firepower    Cargo   
  1        9       2          3          0

Avenger
Size    Speed    Range    Firepower    Cargo   
  2        5       4          3          2

Carrack
Size    Speed    Range    Firepower    Cargo   
  6        2      10          4          6

Constellation
Size    Speed    Range    Firepower    Cargo   
  4        5       7          3          4

Hawk
Size    Speed    Range    Firepower    Cargo   
  1        3       2          4          0

Hornet
Size    Speed    Range    Firepower    Cargo   
  2        5       3          4          1

Hurricane
Size    Speed    Range    Firepower    Cargo   
  2        5       3          5          0

Idris
Size    Speed    Range    Firepower    Cargo   
  8        2       7         10          6

m50
Size    Speed    Range    Firepower    Cargo   
  1       10       2          2          0

Merchantman
Size    Speed    Range    Firepower    Cargo   
  7        3       5          6          8

Orion
Size    Speed    Range    Firepower    Cargo   
 10        1       6          2          9

Sabre
Size    Speed    Range    Firepower    Cargo   
  2        7       2          5          0

Vanguard
Size    Speed    Range    Firepower    Cargo   
  3        4       5          5          2

350r
Size    Speed    Range    Firepower    Cargo   
  1        9       2          3          0

Avenger
Size    Speed    Range    Firepower    Cargo   
  2        5       4          3          2

Carrack
Size    Speed    Range    Firepower    Cargo   
  6        2      10          4          6

Constellation
Size    Speed    Range    Firepower    Cargo   
  4        5       7          3          4

Hawk
Size    Speed    Range    Firepower    Cargo   
  1        3       2          4          0

Hornet
Size    Speed    Range    Firepower    Cargo   
  2        5       3          4          1

Hurricane
Size    Speed    Range    Firepower    Cargo   
  2        5       3          5          0

Idris
Size    Speed    Range    Firepower    Cargo   
  8        2       7         10          6

m50
Size    Speed    Range    Firepower    Cargo   
  1       10       2          2          0

Merchantman
Size    Speed    Range    Firepower    Cargo   
  7        3       5          6          8

Orion
Size    Speed    Range    Firepower    Cargo   
 10        1       6          2          9

Sabre
Size    Speed    Range    Firepower    Cargo   
  2        7       2          5          0

Vanguard
Size    Speed    Range    Firepower    Cargo   
  3        4       5          5          2

350r
Size    Speed    Range    Firepower    Cargo   
  1        9       2          3          0

Avenger
Size    Speed    Range    Firepower    Cargo   
  2        5       4          3          2

Carrack
Size    Speed    Range    Firepower    Cargo   
  6        2      10          4          6

Constellation
Size    Speed    Range    Firepower    Cargo   
  4        5       7          3          4

Hawk
Size    Speed    Range    Firepower    Cargo   
  1        3       2          4          0

Hornet
Size    Speed    Range    Firepower    Cargo   
  2        5       3          4          1

Hurricane
Size    Speed    Range    Firepower    Cargo   
  2        5       3          5          0

Idris
Size    Speed    Range    Firepower    Cargo   
  8        2       7         10          6

m50
Size    Speed    Range    Firepower    Cargo   
  1       10       2          2          0

Merchantman
Size    Speed    Range    Firepower    Cargo   
  7        3       5          6          8

Orion
Size    Speed    Range    Firepower    Cargo   
 10        1       6          2          9

Sabre
Size    Speed    Range    Firepower    Cargo   
  2        7       2          5          0

Vanguard
Size    Speed    Range    Firepower    Cargo   
  3        4       5          5          2

Avenger
Size    Speed    Range    Firepower    Cargo   
  2        5       4          3          2


--------------------------------------------------
The cards have been shuffled.
The contents of the deck is as follows:

Constellation
Size    Speed    Range    Firepower    Cargo   
  4        5       7          3          4

Merchantman
Size    Speed    Range    Firepower    Cargo   
  7        3       5          6          8

350r
Size    Speed    Range    Firepower    Cargo   
  1        9       2          3          0

Hurricane
Size    Speed    Range    Firepower    Cargo   
  2        5       3          5          0

Sabre
Size    Speed    Range    Firepower    Cargo   
  2        7       2          5          0

Merchantman
Size    Speed    Range    Firepower    Cargo   
  7        3       5          6          8

Carrack
Size    Speed    Range    Firepower    Cargo   
  6        2      10          4          6

Hurricane
Size    Speed    Range    Firepower    Cargo   
  2        5       3          5          0

m50
Size    Speed    Range    Firepower    Cargo   
  1       10       2          2          0

Avenger
Size    Speed    Range    Firepower    Cargo   
  2        5       4          3          2

Orion
Size    Speed    Range    Firepower    Cargo   
 10        1       6          2          9

Constellation
Size    Speed    Range    Firepower    Cargo   
  4        5       7          3          4

Carrack
Size    Speed    Range    Firepower    Cargo   
  6        2      10          4          6

350r
Size    Speed    Range    Firepower    Cargo   
  1        9       2          3          0

Sabre
Size    Speed    Range    Firepower    Cargo   
  2        7       2          5          0

m50
Size    Speed    Range    Firepower    Cargo   
  1       10       2          2          0

Orion
Size    Speed    Range    Firepower    Cargo   
 10        1       6          2          9

Hawk
Size    Speed    Range    Firepower    Cargo   
  1        3       2          4          0

Idris
Size    Speed    Range    Firepower    Cargo   
  8        2       7         10          6

Carrack
Size    Speed    Range    Firepower    Cargo   
  6        2      10          4          6

Sabre
Size    Speed    Range    Firepower    Cargo   
  2        7       2          5          0

Vanguard
Size    Speed    Range    Firepower    Cargo   
  3        4       5          5          2

350r
Size    Speed    Range    Firepower    Cargo   
  1        9       2          3          0

Constellation
Size    Speed    Range    Firepower    Cargo   
  4        5       7          3          4

Hornet
Size    Speed    Range    Firepower    Cargo   
  2        5       3          4          1

Hornet
Size    Speed    Range    Firepower    Cargo   
  2        5       3          4          1

Idris
Size    Speed    Range    Firepower    Cargo   
  8        2       7         10          6

Orion
Size    Speed    Range    Firepower    Cargo   
 10        1       6          2          9

Merchantman
Size    Speed    Range    Firepower    Cargo   
  7        3       5          6          8

m50
Size    Speed    Range    Firepower    Cargo   
  1       10       2          2          0

Vanguard
Size    Speed    Range    Firepower    Cargo   
  3        4       5          5          2

Idris
Size    Speed    Range    Firepower    Cargo   
  8        2       7         10          6

Hurricane
Size    Speed    Range    Firepower    Cargo   
  2        5       3          5          0

Avenger
Size    Speed    Range    Firepower    Cargo   
  2        5       4          3          2

Avenger
Size    Speed    Range    Firepower    Cargo   
  2        5       4          3          2

Avenger
Size    Speed    Range    Firepower    Cargo   
  2        5       4          3          2

Hornet
Size    Speed    Range    Firepower    Cargo   
  2        5       3          4          1

Hawk
Size    Speed    Range    Firepower    Cargo   
  1        3       2          4          0

Vanguard
Size    Speed    Range    Firepower    Cargo   
  3        4       5          5          2

Hawk
Size    Speed    Range    Firepower    Cargo   
  1        3       2          4          0


--------------------------------------------------
User deck: Bob

Constellation
Size    Speed    Range    Firepower    Cargo   
  4        5       7          3          4

Merchantman
Size    Speed    Range    Firepower    Cargo   
  7        3       5          6          8

350r
Size    Speed    Range    Firepower    Cargo   
  1        9       2          3          0

Hurricane
Size    Speed    Range    Firepower    Cargo   
  2        5       3          5          0

Sabre
Size    Speed    Range    Firepower    Cargo   
  2        7       2          5          0

Merchantman
Size    Speed    Range    Firepower    Cargo   
  7        3       5          6          8

Carrack
Size    Speed    Range    Firepower    Cargo   
  6        2      10          4          6

Hurricane
Size    Speed    Range    Firepower    Cargo   
  2        5       3          5          0


--------------------------------------------------
User deck: Computer 1

m50
Size    Speed    Range    Firepower    Cargo   
  1       10       2          2          0

Avenger
Size    Speed    Range    Firepower    Cargo   
  2        5       4          3          2

Orion
Size    Speed    Range    Firepower    Cargo   
 10        1       6          2          9

Constellation
Size    Speed    Range    Firepower    Cargo   
  4        5       7          3          4

Carrack
Size    Speed    Range    Firepower    Cargo   
  6        2      10          4          6

350r
Size    Speed    Range    Firepower    Cargo   
  1        9       2          3          0

Sabre
Size    Speed    Range    Firepower    Cargo   
  2        7       2          5          0

m50
Size    Speed    Range    Firepower    Cargo   
  1       10       2          2          0


--------------------------------------------------
User deck: Computer 2

Orion
Size    Speed    Range    Firepower    Cargo   
 10        1       6          2          9

Hawk
Size    Speed    Range    Firepower    Cargo   
  1        3       2          4          0

Idris
Size    Speed    Range    Firepower    Cargo   
  8        2       7         10          6

Carrack
Size    Speed    Range    Firepower    Cargo   
  6        2      10          4          6

Sabre
Size    Speed    Range    Firepower    Cargo   
  2        7       2          5          0

Vanguard
Size    Speed    Range    Firepower    Cargo   
  3        4       5          5          2

350r
Size    Speed    Range    Firepower    Cargo   
  1        9       2          3          0

Constellation
Size    Speed    Range    Firepower    Cargo   
  4        5       7          3          4


--------------------------------------------------
User deck: Computer 3

Hornet
Size    Speed    Range    Firepower    Cargo   
  2        5       3          4          1

Hornet
Size    Speed    Range    Firepower    Cargo   
  2        5       3          4          1

Idris
Size    Speed    Range    Firepower    Cargo   
  8        2       7         10          6

Orion
Size    Speed    Range    Firepower    Cargo   
 10        1       6          2          9

Merchantman
Size    Speed    Range    Firepower    Cargo   
  7        3       5          6          8

m50
Size    Speed    Range    Firepower    Cargo   
  1       10       2          2          0

Vanguard
Size    Speed    Range    Firepower    Cargo   
  3        4       5          5          2

Idris
Size    Speed    Range    Firepower    Cargo   
  8        2       7         10          6


--------------------------------------------------
User deck: Computer 4

Hurricane
Size    Speed    Range    Firepower    Cargo   
  2        5       3          5          0

Avenger
Size    Speed    Range    Firepower    Cargo   
  2        5       4          3          2

Avenger
Size    Speed    Range    Firepower    Cargo   
  2        5       4          3          2

Avenger
Size    Speed    Range    Firepower    Cargo   
  2        5       4          3          2

Hornet
Size    Speed    Range    Firepower    Cargo   
  2        5       3          4          1

Hawk
Size    Speed    Range    Firepower    Cargo   
  1        3       2          4          0

Vanguard
Size    Speed    Range    Firepower    Cargo   
  3        4       5          5          2

Hawk
Size    Speed    Range    Firepower    Cargo   
  1        3       2          4          0


--------------------------------------------------
The current cards in play are:

Orion
Size    Speed    Range    Firepower    Cargo   
 10        1       6          2          9

m50
Size    Speed    Range    Firepower    Cargo   
  1       10       2          2          0

Hornet
Size    Speed    Range    Firepower    Cargo   
  2        5       3          4          1

Hurricane
Size    Speed    Range    Firepower    Cargo   
  2        5       3          5          0

Constellation
Size    Speed    Range    Firepower    Cargo   
  4        5       7          3          4


--------------------------------------------------
The chosen category is: Size
Computer 2's Size =10
Computer 1's Size =1
Computer 3's Size =2
Computer 4's Size =2
Bob's Size =4

The winner of the round is Computer 2 !

--------------------------------------------------
Post Round Decks:

User deck: Computer 2

Hawk
Size    Speed    Range    Firepower    Cargo   
  1        3       2          4          0

Idris
Size    Speed    Range    Firepower    Cargo   
  8        2       7         10          6

Carrack
Size    Speed    Range    Firepower    Cargo   
  6        2      10          4          6

Sabre
Size    Speed    Range    Firepower    Cargo   
  2        7       2          5          0

Vanguard
Size    Speed    Range    Firepower    Cargo   
  3        4       5          5          2

350r
Size    Speed    Range    Firepower    Cargo   
  1        9       2          3          0

Constellation
Size    Speed    Range    Firepower    Cargo   
  4        5       7          3          4


--------------------------------------------------
User deck: Bob

Merchantman
Size    Speed    Range    Firepower    Cargo   
  7        3       5          6          8

350r
Size    Speed    Range    Firepower    Cargo   
  1        9       2          3          0

Hurricane
Size    Speed    Range    Firepower    Cargo   
  2        5       3          5          0

Sabre
Size    Speed    Range    Firepower    Cargo   
  2        7       2          5          0

Merchantman
Size    Speed    Range    Firepower    Cargo   
  7        3       5          6          8

Carrack
Size    Speed    Range    Firepower    Cargo   
  6        2      10          4          6

Hurricane
Size    Speed    Range    Firepower    Cargo   
  2        5       3          5          0


--------------------------------------------------
User deck: Computer 3

Hornet
Size    Speed    Range    Firepower    Cargo   
  2        5       3          4          1

Idris
Size    Speed    Range    Firepower    Cargo   
  8        2       7         10          6

Orion
Size    Speed    Range    Firepower    Cargo   
 10        1       6          2          9

Merchantman
Size    Speed    Range    Firepower    Cargo   
  7        3       5          6          8

m50
Size    Speed    Range    Firepower    Cargo   
  1       10       2          2          0

Vanguard
Size    Speed    Range    Firepower    Cargo   
  3        4       5          5          2

Idris
Size    Speed    Range    Firepower    Cargo   
  8        2       7         10          6


--------------------------------------------------
User deck: Computer 4

Avenger
Size    Speed    Range    Firepower    Cargo   
  2        5       4          3          2

Avenger
Size    Speed    Range    Firepower    Cargo   
  2        5       4          3          2

Avenger
Size    Speed    Range    Firepower    Cargo   
  2        5       4          3          2

Hornet
Size    Speed    Range    Firepower    Cargo   
  2        5       3          4          1

Hawk
Size    Speed    Range    Firepower    Cargo   
  1        3       2          4          0

Vanguard
Size    Speed    Range    Firepower    Cargo   
  3        4       5          5          2

Hawk
Size    Speed    Range    Firepower    Cargo   
  1        3       2          4          0


--------------------------------------------------
User deck: Computer 1

Avenger
Size    Speed    Range    Firepower    Cargo   
  2        5       4          3          2

Orion
Size    Speed    Range    Firepower    Cargo   
 10        1       6          2          9

Constellation
Size    Speed    Range    Firepower    Cargo   
  4        5       7          3          4

Carrack
Size    Speed    Range    Firepower    Cargo   
  6        2      10          4          6

350r
Size    Speed    Range    Firepower    Cargo   
  1        9       2          3          0

Sabre
Size    Speed    Range    Firepower    Cargo   
  2        7       2          5          0

m50
Size    Speed    Range    Firepower    Cargo   
  1       10       2          2          0


--------------------------------------------------
The current cards in play are:

Hawk
Size    Speed    Range    Firepower    Cargo   
  1        3       2          4          0

Merchantman
Size    Speed    Range    Firepower    Cargo   
  7        3       5          6          8

Hornet
Size    Speed    Range    Firepower    Cargo   
  2        5       3          4          1

Avenger
Size    Speed    Range    Firepower    Cargo   
  2        5       4          3          2

Avenger
Size    Speed    Range    Firepower    Cargo   
  2        5       4          3          2


--------------------------------------------------
The chosen category is: Firepower
Computer 2's Firepower =4
Bob's Firepower =6
Computer 3's Firepower =4
Computer 4's Firepower =3
Computer 1's Firepower =3

The winner of the round is Bob !

--------------------------------------------------
Post Round Decks:

User deck: Bob

350r
Size    Speed    Range    Firepower    Cargo   
  1        9       2          3          0

Hurricane
Size    Speed    Range    Firepower    Cargo   
  2        5       3          5          0

Sabre
Size    Speed    Range    Firepower    Cargo   
  2        7       2          5          0

Merchantman
Size    Speed    Range    Firepower    Cargo   
  7        3       5          6          8

Carrack
Size    Speed    Range    Firepower    Cargo   
  6        2      10          4          6

Hurricane
Size    Speed    Range    Firepower    Cargo   
  2        5       3          5          0


--------------------------------------------------
User deck: Computer 2

Idris
Size    Speed    Range    Firepower    Cargo   
  8        2       7         10          6

Carrack
Size    Speed    Range    Firepower    Cargo   
  6        2      10          4          6

Sabre
Size    Speed    Range    Firepower    Cargo   
  2        7       2          5          0

Vanguard
Size    Speed    Range    Firepower    Cargo   
  3        4       5          5          2

350r
Size    Speed    Range    Firepower    Cargo   
  1        9       2          3          0

Constellation
Size    Speed    Range    Firepower    Cargo   
  4        5       7          3          4

Orion
Size    Speed    Range    Firepower    Cargo   
 10        1       6          2          9

m50
Size    Speed    Range    Firepower    Cargo   
  1       10       2          2          0

Hornet
Size    Speed    Range    Firepower    Cargo   
  2        5       3          4          1

Hurricane
Size    Speed    Range    Firepower    Cargo   
  2        5       3          5          0

Constellation
Size    Speed    Range    Firepower    Cargo   
  4        5       7          3          4


--------------------------------------------------
User deck: Computer 3

Idris
Size    Speed    Range    Firepower    Cargo   
  8        2       7         10          6

Orion
Size    Speed    Range    Firepower    Cargo   
 10        1       6          2          9

Merchantman
Size    Speed    Range    Firepower    Cargo   
  7        3       5          6          8

m50
Size    Speed    Range    Firepower    Cargo   
  1       10       2          2          0

Vanguard
Size    Speed    Range    Firepower    Cargo   
  3        4       5          5          2

Idris
Size    Speed    Range    Firepower    Cargo   
  8        2       7         10          6


--------------------------------------------------
User deck: Computer 4

Avenger
Size    Speed    Range    Firepower    Cargo   
  2        5       4          3          2

Avenger
Size    Speed    Range    Firepower    Cargo   
  2        5       4          3          2

Hornet
Size    Speed    Range    Firepower    Cargo   
  2        5       3          4          1

Hawk
Size    Speed    Range    Firepower    Cargo   
  1        3       2          4          0

Vanguard
Size    Speed    Range    Firepower    Cargo   
  3        4       5          5          2

Hawk
Size    Speed    Range    Firepower    Cargo   
  1        3       2          4          0


--------------------------------------------------
User deck: Computer 1

Orion
Size    Speed    Range    Firepower    Cargo   
 10        1       6          2          9

Constellation
Size    Speed    Range    Firepower    Cargo   
  4        5       7          3          4

Carrack
Size    Speed    Range    Firepower    Cargo   
  6        2      10          4          6

350r
Size    Speed    Range    Firepower    Cargo   
  1        9       2          3          0

Sabre
Size    Speed    Range    Firepower    Cargo   
  2        7       2          5          0

m50
Size    Speed    Range    Firepower    Cargo   
  1       10       2          2          0


--------------------------------------------------
The current cards in play are:

350r
Size    Speed    Range    Firepower    Cargo   
  1        9       2          3          0

Idris
Size    Speed    Range    Firepower    Cargo   
  8        2       7         10          6

Idris
Size    Speed    Range    Firepower    Cargo   
  8        2       7         10          6

Avenger
Size    Speed    Range    Firepower    Cargo   
  2        5       4          3          2

Orion
Size    Speed    Range    Firepower    Cargo   
 10        1       6          2          9


--------------------------------------------------
The chosen category is: Cargo
Bob's Cargo =0
Computer 2's Cargo =6
Computer 3's Cargo =6
Computer 4's Cargo =2
Computer 1's Cargo =9

The winner of the round is Computer 1 !

--------------------------------------------------
Post Round Decks:

User deck: Computer 1

Constellation
Size    Speed    Range    Firepower    Cargo   
  4        5       7          3          4

Carrack
Size    Speed    Range    Firepower    Cargo   
  6        2      10          4          6

350r
Size    Speed    Range    Firepower    Cargo   
  1        9       2          3          0

Sabre
Size    Speed    Range    Firepower    Cargo   
  2        7       2          5          0

m50
Size    Speed    Range    Firepower    Cargo   
  1       10       2          2          0


--------------------------------------------------
User deck: Computer 2

Carrack
Size    Speed    Range    Firepower    Cargo   
  6        2      10          4          6

Sabre
Size    Speed    Range    Firepower    Cargo   
  2        7       2          5          0

Vanguard
Size    Speed    Range    Firepower    Cargo   
  3        4       5          5          2

350r
Size    Speed    Range    Firepower    Cargo   
  1        9       2          3          0

Constellation
Size    Speed    Range    Firepower    Cargo   
  4        5       7          3          4

Orion
Size    Speed    Range    Firepower    Cargo   
 10        1       6          2          9

m50
Size    Speed    Range    Firepower    Cargo   
  1       10       2          2          0

Hornet
Size    Speed    Range    Firepower    Cargo   
  2        5       3          4          1

Hurricane
Size    Speed    Range    Firepower    Cargo   
  2        5       3          5          0

Constellation
Size    Speed    Range    Firepower    Cargo   
  4        5       7          3          4


--------------------------------------------------
User deck: Computer 3

Orion
Size    Speed    Range    Firepower    Cargo   
 10        1       6          2          9

Merchantman
Size    Speed    Range    Firepower    Cargo   
  7        3       5          6          8

m50
Size    Speed    Range    Firepower    Cargo   
  1       10       2          2          0

Vanguard
Size    Speed    Range    Firepower    Cargo   
  3        4       5          5          2

Idris
Size    Speed    Range    Firepower    Cargo   
  8        2       7         10          6


--------------------------------------------------
User deck: Computer 4

Avenger
Size    Speed    Range    Firepower    Cargo   
  2        5       4          3          2

Hornet
Size    Speed    Range    Firepower    Cargo   
  2        5       3          4          1

Hawk
Size    Speed    Range    Firepower    Cargo   
  1        3       2          4          0

Vanguard
Size    Speed    Range    Firepower    Cargo   
  3        4       5          5          2

Hawk
Size    Speed    Range    Firepower    Cargo   
  1        3       2          4          0


--------------------------------------------------
User deck: Bob

Hurricane
Size    Speed    Range    Firepower    Cargo   
  2        5       3          5          0

Sabre
Size    Speed    Range    Firepower    Cargo   
  2        7       2          5          0

Merchantman
Size    Speed    Range    Firepower    Cargo   
  7        3       5          6          8

Carrack
Size    Speed    Range    Firepower    Cargo   
  6        2      10          4          6

Hurricane
Size    Speed    Range    Firepower    Cargo   
  2        5       3          5          0

Hawk
Size    Speed    Range    Firepower    Cargo   
  1        3       2          4          0

Merchantman
Size    Speed    Range    Firepower    Cargo   
  7        3       5          6          8

Hornet
Size    Speed    Range    Firepower    Cargo   
  2        5       3          4          1

Avenger
Size    Speed    Range    Firepower    Cargo   
  2        5       4          3          2

Avenger
Size    Speed    Range    Firepower    Cargo   
  2        5       4          3          2


--------------------------------------------------
The current cards in play are:

Constellation
Size    Speed    Range    Firepower    Cargo   
  4        5       7          3          4

Carrack
Size    Speed    Range    Firepower    Cargo   
  6        2      10          4          6

Orion
Size    Speed    Range    Firepower    Cargo   
 10        1       6          2          9

Avenger
Size    Speed    Range    Firepower    Cargo   
  2        5       4          3          2

Hurricane
Size    Speed    Range    Firepower    Cargo   
  2        5       3          5          0


--------------------------------------------------
The chosen category is: Range
Computer 1's Range =7
Computer 2's Range =10
Computer 3's Range =6
Computer 4's Range =4
Bob's Range =3

The winner of the round is Computer 2 !

--------------------------------------------------
Post Round Decks:

User deck: Computer 2

Sabre
Size    Speed    Range    Firepower    Cargo   
  2        7       2          5          0

Vanguard
Size    Speed    Range    Firepower    Cargo   
  3        4       5          5          2

350r
Size    Speed    Range    Firepower    Cargo   
  1        9       2          3          0

Constellation
Size    Speed    Range    Firepower    Cargo   
  4        5       7          3          4

Orion
Size    Speed    Range    Firepower    Cargo   
 10        1       6          2          9

m50
Size    Speed    Range    Firepower    Cargo   
  1       10       2          2          0

Hornet
Size    Speed    Range    Firepower    Cargo   
  2        5       3          4          1

Hurricane
Size    Speed    Range    Firepower    Cargo   
  2        5       3          5          0

Constellation
Size    Speed    Range    Firepower    Cargo   
  4        5       7          3          4


--------------------------------------------------
User deck: Computer 1

Carrack
Size    Speed    Range    Firepower    Cargo   
  6        2      10          4          6

350r
Size    Speed    Range    Firepower    Cargo   
  1        9       2          3          0

Sabre
Size    Speed    Range    Firepower    Cargo   
  2        7       2          5          0

m50
Size    Speed    Range    Firepower    Cargo   
  1       10       2          2          0

350r
Size    Speed    Range    Firepower    Cargo   
  1        9       2          3          0

Idris
Size    Speed    Range    Firepower    Cargo   
  8        2       7         10          6

Idris
Size    Speed    Range    Firepower    Cargo   
  8        2       7         10          6

Avenger
Size    Speed    Range    Firepower    Cargo   
  2        5       4          3          2

Orion
Size    Speed    Range    Firepower    Cargo   
 10        1       6          2          9


--------------------------------------------------
User deck: Computer 3

Merchantman
Size    Speed    Range    Firepower    Cargo   
  7        3       5          6          8

m50
Size    Speed    Range    Firepower    Cargo   
  1       10       2          2          0

Vanguard
Size    Speed    Range    Firepower    Cargo   
  3        4       5          5          2

Idris
Size    Speed    Range    Firepower    Cargo   
  8        2       7         10          6


--------------------------------------------------
User deck: Computer 4

Hornet
Size    Speed    Range    Firepower    Cargo   
  2        5       3          4          1

Hawk
Size    Speed    Range    Firepower    Cargo   
  1        3       2          4          0

Vanguard
Size    Speed    Range    Firepower    Cargo   
  3        4       5          5          2

Hawk
Size    Speed    Range    Firepower    Cargo   
  1        3       2          4          0


--------------------------------------------------
User deck: Bob

Sabre
Size    Speed    Range    Firepower    Cargo   
  2        7       2          5          0

Merchantman
Size    Speed    Range    Firepower    Cargo   
  7        3       5          6          8

Carrack
Size    Speed    Range    Firepower    Cargo   
  6        2      10          4          6

Hurricane
Size    Speed    Range    Firepower    Cargo   
  2        5       3          5          0

Hawk
Size    Speed    Range    Firepower    Cargo   
  1        3       2          4          0

Merchantman
Size    Speed    Range    Firepower    Cargo   
  7        3       5          6          8

Hornet
Size    Speed    Range    Firepower    Cargo   
  2        5       3          4          1

Avenger
Size    Speed    Range    Firepower    Cargo   
  2        5       4          3          2

Avenger
Size    Speed    Range    Firepower    Cargo   
  2        5       4          3          2


--------------------------------------------------
The current cards in play are:

Sabre
Size    Speed    Range    Firepower    Cargo   
  2        7       2          5          0

Carrack
Size    Speed    Range    Firepower    Cargo   
  6        2      10          4          6

Merchantman
Size    Speed    Range    Firepower    Cargo   
  7        3       5          6          8

Hornet
Size    Speed    Range    Firepower    Cargo   
  2        5       3          4          1

Sabre
Size    Speed    Range    Firepower    Cargo   
  2        7       2          5          0


--------------------------------------------------
The chosen category is: Speed
Computer 2's Speed =7
Computer 1's Speed =2
Computer 3's Speed =3
Computer 4's Speed =5
Bob's Speed =7

The winner of the round is Computer 2 !

--------------------------------------------------
The communal pile currently contains the following:
Sabre
Size    Speed    Range    Firepower    Cargo   
  2        7       2          5          0
Carrack
Size    Speed    Range    Firepower    Cargo   
  6        2      10          4          6
Merchantman
Size    Speed    Range    Firepower    Cargo   
  7        3       5          6          8
Hornet
Size    Speed    Range    Firepower    Cargo   
  2        5       3          4          1
Sabre
Size    Speed    Range    Firepower    Cargo   
  2        7       2          5          0

--------------------------------------------------
The current cards in play are:

Sabre
Size    Speed    Range    Firepower    Cargo   
  2        7       2          5          0

Carrack
Size    Speed    Range    Firepower    Cargo   
  6        2      10          4          6

Merchantman
Size    Speed    Range    Firepower    Cargo   
  7        3       5          6          8

Hornet
Size    Speed    Range    Firepower    Cargo   
  2        5       3          4          1

Sabre
Size    Speed    Range    Firepower    Cargo   
  2        7       2          5          0

Vanguard
Size    Speed    Range    Firepower    Cargo   
  3        4       5          5          2

Merchantman
Size    Speed    Range    Firepower    Cargo   
  7        3       5          6          8

Hawk
Size    Speed    Range    Firepower    Cargo   
  1        3       2          4          0

m50
Size    Speed    Range    Firepower    Cargo   
  1       10       2          2          0

350r
Size    Speed    Range    Firepower    Cargo   
  1        9       2          3          0


--------------------------------------------------
The chosen category is: Range
Computer 2's Range =5
Bob's Range =5
Computer 4's Range =2
Computer 3's Range =2
Computer 1's Range =2

The winner of the round is Computer 2 !

--------------------------------------------------
The communal pile currently contains the following:
Sabre
Size    Speed    Range    Firepower    Cargo   
  2        7       2          5          0
Carrack
Size    Speed    Range    Firepower    Cargo   
  6        2      10          4          6
Merchantman
Size    Speed    Range    Firepower    Cargo   
  7        3       5          6          8
Hornet
Size    Speed    Range    Firepower    Cargo   
  2        5       3          4          1
Sabre
Size    Speed    Range    Firepower    Cargo   
  2        7       2          5          0
Vanguard
Size    Speed    Range    Firepower    Cargo   
  3        4       5          5          2
Merchantman
Size    Speed    Range    Firepower    Cargo   
  7        3       5          6          8
Hawk
Size    Speed    Range    Firepower    Cargo   
  1        3       2          4          0
m50
Size    Speed    Range    Firepower    Cargo   
  1       10       2          2          0
350r
Size    Speed    Range    Firepower    Cargo   
  1        9       2          3          0

--------------------------------------------------
The current cards in play are:

Sabre
Size    Speed    Range    Firepower    Cargo   
  2        7       2          5          0

Carrack
Size    Speed    Range    Firepower    Cargo   
  6        2      10          4          6

Merchantman
Size    Speed    Range    Firepower    Cargo   
  7        3       5          6          8

Hornet
Size    Speed    Range    Firepower    Cargo   
  2        5       3          4          1

Sabre
Size    Speed    Range    Firepower    Cargo   
  2        7       2          5          0

Vanguard
Size    Speed    Range    Firepower    Cargo   
  3        4       5          5          2

Merchantman
Size    Speed    Range    Firepower    Cargo   
  7        3       5          6          8

Hawk
Size    Speed    Range    Firepower    Cargo   
  1        3       2          4          0

m50
Size    Speed    Range    Firepower    Cargo   
  1       10       2          2          0

350r
Size    Speed    Range    Firepower    Cargo   
  1        9       2          3          0

350r
Size    Speed    Range    Firepower    Cargo   
  1        9       2          3          0

Carrack
Size    Speed    Range    Firepower    Cargo   
  6        2      10          4          6

Vanguard
Size    Speed    Range    Firepower    Cargo   
  3        4       5          5          2

Vanguard
Size    Speed    Range    Firepower    Cargo   
  3        4       5          5          2

Sabre
Size    Speed    Range    Firepower    Cargo   
  2        7       2          5          0


--------------------------------------------------
The chosen category is: Speed
Computer 2's Speed =9
Bob's Speed =2
Computer 4's Speed =4
Computer 3's Speed =4
Computer 1's Speed =7

The winner of the round is Computer 2 !

--------------------------------------------------
Post Round Decks:

User deck: Computer 2

Constellation
Size    Speed    Range    Firepower    Cargo   
  4        5       7          3          4

Orion
Size    Speed    Range    Firepower    Cargo   
 10        1       6          2          9

m50
Size    Speed    Range    Firepower    Cargo   
  1       10       2          2          0

Hornet
Size    Speed    Range    Firepower    Cargo   
  2        5       3          4          1

Hurricane
Size    Speed    Range    Firepower    Cargo   
  2        5       3          5          0

Constellation
Size    Speed    Range    Firepower    Cargo   
  4        5       7          3          4

Constellation
Size    Speed    Range    Firepower    Cargo   
  4        5       7          3          4

Carrack
Size    Speed    Range    Firepower    Cargo   
  6        2      10          4          6

Orion
Size    Speed    Range    Firepower    Cargo   
 10        1       6          2          9

Avenger
Size    Speed    Range    Firepower    Cargo   
  2        5       4          3          2

Hurricane
Size    Speed    Range    Firepower    Cargo   
  2        5       3          5          0


--------------------------------------------------
User deck: Computer 1

m50
Size    Speed    Range    Firepower    Cargo   
  1       10       2          2          0

350r
Size    Speed    Range    Firepower    Cargo   
  1        9       2          3          0

Idris
Size    Speed    Range    Firepower    Cargo   
  8        2       7         10          6

Idris
Size    Speed    Range    Firepower    Cargo   
  8        2       7         10          6

Avenger
Size    Speed    Range    Firepower    Cargo   
  2        5       4          3          2

Orion
Size    Speed    Range    Firepower    Cargo   
 10        1       6          2          9


--------------------------------------------------
User deck: Computer 4

Hawk
Size    Speed    Range    Firepower    Cargo   
  1        3       2          4          0


--------------------------------------------------
User deck: Computer 3

Idris
Size    Speed    Range    Firepower    Cargo   
  8        2       7         10          6


--------------------------------------------------
User deck: Bob

Hurricane
Size    Speed    Range    Firepower    Cargo   
  2        5       3          5          0

Hawk
Size    Speed    Range    Firepower    Cargo   
  1        3       2          4          0

Merchantman
Size    Speed    Range    Firepower    Cargo   
  7        3       5          6          8

Hornet
Size    Speed    Range    Firepower    Cargo   
  2        5       3          4          1

Avenger
Size    Speed    Range    Firepower    Cargo   
  2        5       4          3          2

Avenger
Size    Speed    Range    Firepower    Cargo   
  2        5       4          3          2


--------------------------------------------------
The current cards in play are:

Constellation
Size    Speed    Range    Firepower    Cargo   
  4        5       7          3          4

m50
Size    Speed    Range    Firepower    Cargo   
  1       10       2          2          0

Hawk
Size    Speed    Range    Firepower    Cargo   
  1        3       2          4          0

Idris
Size    Speed    Range    Firepower    Cargo   
  8        2       7         10          6

Hurricane
Size    Speed    Range    Firepower    Cargo   
  2        5       3          5          0


--------------------------------------------------
The chosen category is: Range
Computer 2's Range =7
Computer 1's Range =2
Computer 4's Range =2
Computer 3's Range =7
Bob's Range =3

The winner of the round is Computer 2 !

--------------------------------------------------
The communal pile currently contains the following:
Constellation
Size    Speed    Range    Firepower    Cargo   
  4        5       7          3          4
m50
Size    Speed    Range    Firepower    Cargo   
  1       10       2          2          0
Hawk
Size    Speed    Range    Firepower    Cargo   
  1        3       2          4          0
Idris
Size    Speed    Range    Firepower    Cargo   
  8        2       7         10          6
Hurricane
Size    Speed    Range    Firepower    Cargo   
  2        5       3          5          0

--------------------------------------------------
The current cards in play are:

Constellation
Size    Speed    Range    Firepower    Cargo   
  4        5       7          3          4

m50
Size    Speed    Range    Firepower    Cargo   
  1       10       2          2          0

Hawk
Size    Speed    Range    Firepower    Cargo   
  1        3       2          4          0

Idris
Size    Speed    Range    Firepower    Cargo   
  8        2       7         10          6

Hurricane
Size    Speed    Range    Firepower    Cargo   
  2        5       3          5          0

Orion
Size    Speed    Range    Firepower    Cargo   
 10        1       6          2          9

Hawk
Size    Speed    Range    Firepower    Cargo   
  1        3       2          4          0

350r
Size    Speed    Range    Firepower    Cargo   
  1        9       2          3          0


--------------------------------------------------
The chosen category is: Size
Computer 2's Size =10
Bob's Size =1
Computer 1's Size =1

The winner of the round is Computer 2 !

--------------------------------------------------
Post Round Decks:

User deck: Computer 2

m50
Size    Speed    Range    Firepower    Cargo   
  1       10       2          2          0

Hornet
Size    Speed    Range    Firepower    Cargo   
  2        5       3          4          1

Hurricane
Size    Speed    Range    Firepower    Cargo   
  2        5       3          5          0

Constellation
Size    Speed    Range    Firepower    Cargo   
  4        5       7          3          4

Constellation
Size    Speed    Range    Firepower    Cargo   
  4        5       7          3          4

Carrack
Size    Speed    Range    Firepower    Cargo   
  6        2      10          4          6

Orion
Size    Speed    Range    Firepower    Cargo   
 10        1       6          2          9

Avenger
Size    Speed    Range    Firepower    Cargo   
  2        5       4          3          2

Hurricane
Size    Speed    Range    Firepower    Cargo   
  2        5       3          5          0

Sabre
Size    Speed    Range    Firepower    Cargo   
  2        7       2          5          0

Carrack
Size    Speed    Range    Firepower    Cargo   
  6        2      10          4          6

Merchantman
Size    Speed    Range    Firepower    Cargo   
  7        3       5          6          8

Hornet
Size    Speed    Range    Firepower    Cargo   
  2        5       3          4          1

Sabre
Size    Speed    Range    Firepower    Cargo   
  2        7       2          5          0

Vanguard
Size    Speed    Range    Firepower    Cargo   
  3        4       5          5          2

Merchantman
Size    Speed    Range    Firepower    Cargo   
  7        3       5          6          8

Hawk
Size    Speed    Range    Firepower    Cargo   
  1        3       2          4          0

m50
Size    Speed    Range    Firepower    Cargo   
  1       10       2          2          0

350r
Size    Speed    Range    Firepower    Cargo   
  1        9       2          3          0

350r
Size    Speed    Range    Firepower    Cargo   
  1        9       2          3          0

Carrack
Size    Speed    Range    Firepower    Cargo   
  6        2      10          4          6

Vanguard
Size    Speed    Range    Firepower    Cargo   
  3        4       5          5          2

Vanguard
Size    Speed    Range    Firepower    Cargo   
  3        4       5          5          2

Sabre
Size    Speed    Range    Firepower    Cargo   
  2        7       2          5          0


--------------------------------------------------
User deck: Bob

Merchantman
Size    Speed    Range    Firepower    Cargo   
  7        3       5          6          8

Hornet
Size    Speed    Range    Firepower    Cargo   
  2        5       3          4          1

Avenger
Size    Speed    Range    Firepower    Cargo   
  2        5       4          3          2

Avenger
Size    Speed    Range    Firepower    Cargo   
  2        5       4          3          2


--------------------------------------------------
User deck: Computer 1

Idris
Size    Speed    Range    Firepower    Cargo   
  8        2       7         10          6

Idris
Size    Speed    Range    Firepower    Cargo   
  8        2       7         10          6

Avenger
Size    Speed    Range    Firepower    Cargo   
  2        5       4          3          2

Orion
Size    Speed    Range    Firepower    Cargo   
 10        1       6          2          9


--------------------------------------------------
The current cards in play are:

m50
Size    Speed    Range    Firepower    Cargo   
  1       10       2          2          0

Merchantman
Size    Speed    Range    Firepower    Cargo   
  7        3       5          6          8

Idris
Size    Speed    Range    Firepower    Cargo   
  8        2       7         10          6


--------------------------------------------------
The chosen category is: Speed
Computer 2's Speed =10
Bob's Speed =3
Computer 1's Speed =2

The winner of the round is Computer 2 !

--------------------------------------------------
Post Round Decks:

User deck: Computer 2

Hornet
Size    Speed    Range    Firepower    Cargo   
  2        5       3          4          1

Hurricane
Size    Speed    Range    Firepower    Cargo   
  2        5       3          5          0

Constellation
Size    Speed    Range    Firepower    Cargo   
  4        5       7          3          4

Constellation
Size    Speed    Range    Firepower    Cargo   
  4        5       7          3          4

Carrack
Size    Speed    Range    Firepower    Cargo   
  6        2      10          4          6

Orion
Size    Speed    Range    Firepower    Cargo   
 10        1       6          2          9

Avenger
Size    Speed    Range    Firepower    Cargo   
  2        5       4          3          2

Hurricane
Size    Speed    Range    Firepower    Cargo   
  2        5       3          5          0

Sabre
Size    Speed    Range    Firepower    Cargo   
  2        7       2          5          0

Carrack
Size    Speed    Range    Firepower    Cargo   
  6        2      10          4          6

Merchantman
Size    Speed    Range    Firepower    Cargo   
  7        3       5          6          8

Hornet
Size    Speed    Range    Firepower    Cargo   
  2        5       3          4          1

Sabre
Size    Speed    Range    Firepower    Cargo   
  2        7       2          5          0

Vanguard
Size    Speed    Range    Firepower    Cargo   
  3        4       5          5          2

Merchantman
Size    Speed    Range    Firepower    Cargo   
  7        3       5          6          8

Hawk
Size    Speed    Range    Firepower    Cargo   
  1        3       2          4          0

m50
Size    Speed    Range    Firepower    Cargo   
  1       10       2          2          0

350r
Size    Speed    Range    Firepower    Cargo   
  1        9       2          3          0

350r
Size    Speed    Range    Firepower    Cargo   
  1        9       2          3          0

Carrack
Size    Speed    Range    Firepower    Cargo   
  6        2      10          4          6

Vanguard
Size    Speed    Range    Firepower    Cargo   
  3        4       5          5          2

Vanguard
Size    Speed    Range    Firepower    Cargo   
  3        4       5          5          2

Sabre
Size    Speed    Range    Firepower    Cargo   
  2        7       2          5          0

Constellation
Size    Speed    Range    Firepower    Cargo   
  4        5       7          3          4

m50
Size    Speed    Range    Firepower    Cargo   
  1       10       2          2          0

Hawk
Size    Speed    Range    Firepower    Cargo   
  1        3       2          4          0

Idris
Size    Speed    Range    Firepower    Cargo   
  8        2       7         10          6

Hurricane
Size    Speed    Range    Firepower    Cargo   
  2        5       3          5          0

Orion
Size    Speed    Range    Firepower    Cargo   
 10        1       6          2          9

Hawk
Size    Speed    Range    Firepower    Cargo   
  1        3       2          4          0

350r
Size    Speed    Range    Firepower    Cargo   
  1        9       2          3          0


--------------------------------------------------
User deck: Bob

Hornet
Size    Speed    Range    Firepower    Cargo   
  2        5       3          4          1

Avenger
Size    Speed    Range    Firepower    Cargo   
  2        5       4          3          2

Avenger
Size    Speed    Range    Firepower    Cargo   
  2        5       4          3          2


--------------------------------------------------
User deck: Computer 1

Idris
Size    Speed    Range    Firepower    Cargo   
  8        2       7         10          6

Avenger
Size    Speed    Range    Firepower    Cargo   
  2        5       4          3          2

Orion
Size    Speed    Range    Firepower    Cargo   
 10        1       6          2          9


--------------------------------------------------
The current cards in play are:

Hornet
Size    Speed    Range    Firepower    Cargo   
  2        5       3          4          1

Hornet
Size    Speed    Range    Firepower    Cargo   
  2        5       3          4          1

Idris
Size    Speed    Range    Firepower    Cargo   
  8        2       7         10          6


--------------------------------------------------
The chosen category is: Speed
Computer 2's Speed =5
Bob's Speed =5
Computer 1's Speed =2

The winner of the round is Computer 2 !

--------------------------------------------------
The communal pile currently contains the following:
Hornet
Size    Speed    Range    Firepower    Cargo   
  2        5       3          4          1
Hornet
Size    Speed    Range    Firepower    Cargo   
  2        5       3          4          1
Idris
Size    Speed    Range    Firepower    Cargo   
  8        2       7         10          6

--------------------------------------------------
The current cards in play are:

Hornet
Size    Speed    Range    Firepower    Cargo   
  2        5       3          4          1

Hornet
Size    Speed    Range    Firepower    Cargo   
  2        5       3          4          1

Idris
Size    Speed    Range    Firepower    Cargo   
  8        2       7         10          6

Hurricane
Size    Speed    Range    Firepower    Cargo   
  2        5       3          5          0

Avenger
Size    Speed    Range    Firepower    Cargo   
  2        5       4          3          2

Avenger
Size    Speed    Range    Firepower    Cargo   
  2        5       4          3          2


--------------------------------------------------
The chosen category is: Speed
Computer 2's Speed =5
Bob's Speed =5
Computer 1's Speed =5

The winner of the round is Computer 2 !

--------------------------------------------------
The communal pile currently contains the following:
Hornet
Size    Speed    Range    Firepower    Cargo   
  2        5       3          4          1
Hornet
Size    Speed    Range    Firepower    Cargo   
  2        5       3          4          1
Idris
Size    Speed    Range    Firepower    Cargo   
  8        2       7         10          6
Hurricane
Size    Speed    Range    Firepower    Cargo   
  2        5       3          5          0
Avenger
Size    Speed    Range    Firepower    Cargo   
  2        5       4          3          2
Avenger
Size    Speed    Range    Firepower    Cargo   
  2        5       4          3          2

--------------------------------------------------
The current cards in play are:

Hornet
Size    Speed    Range    Firepower    Cargo   
  2        5       3          4          1

Hornet
Size    Speed    Range    Firepower    Cargo   
  2        5       3          4          1

Idris
Size    Speed    Range    Firepower    Cargo   
  8        2       7         10          6

Hurricane
Size    Speed    Range    Firepower    Cargo   
  2        5       3          5          0

Avenger
Size    Speed    Range    Firepower    Cargo   
  2        5       4          3          2

Avenger
Size    Speed    Range    Firepower    Cargo   
  2        5       4          3          2

Constellation
Size    Speed    Range    Firepower    Cargo   
  4        5       7          3          4

Avenger
Size    Speed    Range    Firepower    Cargo   
  2        5       4          3          2

Orion
Size    Speed    Range    Firepower    Cargo   
 10        1       6          2          9


--------------------------------------------------
The chosen category is: Range
Computer 2's Range =7
Bob's Range =4
Computer 1's Range =6

The winner of the round is Computer 2 !

--------------------------------------------------
Post Round Decks:

User deck: Computer 2

Constellation
Size    Speed    Range    Firepower    Cargo   
  4        5       7          3          4

Carrack
Size    Speed    Range    Firepower    Cargo   
  6        2      10          4          6

Orion
Size    Speed    Range    Firepower    Cargo   
 10        1       6          2          9

Avenger
Size    Speed    Range    Firepower    Cargo   
  2        5       4          3          2

Hurricane
Size    Speed    Range    Firepower    Cargo   
  2        5       3          5          0

Sabre
Size    Speed    Range    Firepower    Cargo   
  2        7       2          5          0

Carrack
Size    Speed    Range    Firepower    Cargo   
  6        2      10          4          6

Merchantman
Size    Speed    Range    Firepower    Cargo   
  7        3       5          6          8

Hornet
Size    Speed    Range    Firepower    Cargo   
  2        5       3          4          1

Sabre
Size    Speed    Range    Firepower    Cargo   
  2        7       2          5          0

Vanguard
Size    Speed    Range    Firepower    Cargo   
  3        4       5          5          2

Merchantman
Size    Speed    Range    Firepower    Cargo   
  7        3       5          6          8

Hawk
Size    Speed    Range    Firepower    Cargo   
  1        3       2          4          0

m50
Size    Speed    Range    Firepower    Cargo   
  1       10       2          2          0

350r
Size    Speed    Range    Firepower    Cargo   
  1        9       2          3          0

350r
Size    Speed    Range    Firepower    Cargo   
  1        9       2          3          0

Carrack
Size    Speed    Range    Firepower    Cargo   
  6        2      10          4          6

Vanguard
Size    Speed    Range    Firepower    Cargo   
  3        4       5          5          2

Vanguard
Size    Speed    Range    Firepower    Cargo   
  3        4       5          5          2

Sabre
Size    Speed    Range    Firepower    Cargo   
  2        7       2          5          0

Constellation
Size    Speed    Range    Firepower    Cargo   
  4        5       7          3          4

m50
Size    Speed    Range    Firepower    Cargo   
  1       10       2          2          0

Hawk
Size    Speed    Range    Firepower    Cargo   
  1        3       2          4          0

Idris
Size    Speed    Range    Firepower    Cargo   
  8        2       7         10          6

Hurricane
Size    Speed    Range    Firepower    Cargo   
  2        5       3          5          0

Orion
Size    Speed    Range    Firepower    Cargo   
 10        1       6          2          9

Hawk
Size    Speed    Range    Firepower    Cargo   
  1        3       2          4          0

350r
Size    Speed    Range    Firepower    Cargo   
  1        9       2          3          0

m50
Size    Speed    Range    Firepower    Cargo   
  1       10       2          2          0

Merchantman
Size    Speed    Range    Firepower    Cargo   
  7        3       5          6          8

Idris
Size    Speed    Range    Firepower    Cargo   
  8        2       7         10          6


--------------------------------------------------
User deck: Computer 1


--------------------------------------------------
User deck: Bob


--------------------------------------------------

The winner of the game is Computer 2 !!!

--------------------------------------------------
